<?xml version="1.0" encoding="UTF-8"?>
<!-- Generated by org.testng.reporters.JUnitReportReporter -->
<testsuite hostname="DESKTOP-MM36EDV" failures="0" tests="3" name="com.selenium.Sample4.dependson1" time="37.844" errors="0" timestamp="2023-09-05T00:27:43 IST" skipped="0">
  <testcase classname="com.selenium.Sample4.dependson1" name="f" time="33.554"/>
  <system-out/>
  <testcase classname="com.selenium.Sample4.dependson1" name="f2" time="0.599"/>
  <system-out/>
  <testcase classname="com.selenium.Sample4.dependson1" name="f1" time="3.691"/>
  <system-out/>
</testsuite> <!-- com.selenium.Sample4.dependson1 -->
