<?xml version="1.0" encoding="UTF-8"?>
<!-- Generated by org.testng.reporters.JUnitReportReporter -->
<testsuite hostname="DESKTOP-MM36EDV" failures="0" tests="3" name="com.selenium.Sample4.AppTest" time="76.565" errors="0" timestamp="2023-09-04T17:16:20 IST" skipped="0">
  <testcase classname="com.selenium.Sample4.AppTest" name="f2" time="17.050"/>
  <system-out/>
  <testcase classname="com.selenium.Sample4.AppTest" name="f3" time="20.639"/>
  <system-out/>
  <testcase classname="com.selenium.Sample4.AppTest" name="f1" time="38.876"/>
  <system-out/>
</testsuite> <!-- com.selenium.Sample4.AppTest -->
