<?xml version="1.0" encoding="UTF-8"?>
<!-- Generated by org.testng.reporters.JUnitReportReporter -->
<testsuite hostname="DESKTOP-MM36EDV" failures="0" tests="1" name="com.selenium.Sample4.AppTest" time="14.823" errors="0" timestamp="2023-09-02T13:40:51 IST" skipped="0">
  <testcase classname="com.selenium.Sample4.AppTest" name="fi" time="14.823"/>
  <system-out/>
</testsuite> <!-- com.selenium.Sample4.AppTest -->
