<?xml version="1.0" encoding="UTF-8"?>
<!-- Generated by org.testng.reporters.JUnitReportReporter -->
<testsuite hostname="DESKTOP-MM36EDV" failures="0" tests="2" name="com.selenium.Sample4.Annotate1" time="14.378" errors="0" timestamp="2023-09-04T14:01:48 IST" skipped="0">
  <testcase classname="com.selenium.Sample4.Annotate1" name="a" time="4.403"/>
  <system-out/>
  <testcase classname="com.selenium.Sample4.Annotate1" name="f" time="9.975"/>
  <system-out/>
</testsuite> <!-- com.selenium.Sample4.Annotate1 -->
